<?xml version="1.0" encoding="UTF-8"?>
<!-- Generated by org.testng.reporters.JUnitReportReporter -->
<testsuite hostname="Alnobl" failures="0" tests="1" name="javaBasics.BasicsOfJava" time="18.641" errors="0" timestamp="2024-03-08T15:50:58 AST" skipped="0">
  <testcase classname="javaBasics.BasicsOfJava" name="testFirst" time="18.641"/>
  <system-out/>
</testsuite> <!-- javaBasics.BasicsOfJava -->
