<?xml version="1.0" encoding="UTF-8"?>
<!-- Generated by org.testng.reporters.JUnitReportReporter -->
<testsuite hostname="Alnobl" failures="0" tests="1" name="javaBasics.basics" time="8.898" errors="0" timestamp="2024-03-09T21:30:00 AST" skipped="0">
  <testcase classname="javaBasics.basics" name="myTest" time="8.898"/>
  <system-out/>
</testsuite> <!-- javaBasics.basics -->
